# JRE version: OpenJDK Runtime Environment (11.0.13) (build 11.0.13+0-b1751.21-8125866)
# Java VM: OpenJDK 64-Bit Server VM (11.0.13+0-b1751.21-8125866, mixed mode, tiered, compressed oops, g1 gc, windows-amd64)
Heap:
 garbage-first heap   total 262144K, used 113713K [0x0000000080000000, 0x0000000100000000)
  region size 1024K, 60 young (61440K), 4 survivors (4096K)
 Metaspace       used 64496K, capacity 66156K, committed 66472K, reserved 1107968K
  class space    used 8126K, capacity 8759K, committed 8856K, reserved 1048576K
GC Heap History (14 events):
Event: 0.649 GC heap before
{Heap before GC invocations=0 (full 0):
 garbage-first heap   total 262144K, used 29696K [0x0000000080000000, 0x0000000100000000)
  region size 1024K, 24 young (24576K), 0 survivors (0K)
 Metaspace       used 10091K, capacity 10329K, committed 10624K, reserved 1058816K
  class space    used 1028K, capacity 1108K, committed 1152K, reserved 1048576K
}
Event: 0.652 GC heap after
{Heap after GC invocations=1 (full 0):
 garbage-first heap   total 262144K, used 9165K [0x0000000080000000, 0x0000000100000000)
  region size 1024K, 3 young (3072K), 3 survivors (3072K)
 Metaspace       used 10091K, capacity 10329K, committed 10624K, reserved 1058816K
  class space    used 1028K, capacity 1108K, committed 1152K, reserved 1048576K
}
Event: 2.670 GC heap before
{Heap before GC invocations=1 (full 0):
 garbage-first heap   total 262144K, used 119757K [0x0000000080000000, 0x0000000100000000)
  region size 1024K, 111 young (113664K), 3 survivors (3072K)
 Metaspace       used 20827K, capacity 21193K, committed 21296K, reserved 1069056K
  class space    used 2532K, capacity 2687K, committed 2688K, reserved 1048576K
}
Event: 2.680 GC heap after
{Heap after GC invocations=2 (full 0):
 garbage-first heap   total 262144K, used 17016K [0x0000000080000000, 0x0000000100000000)
  region size 1024K, 11 young (11264K), 11 survivors (11264K)
 Metaspace       used 20827K, capacity 21193K, committed 21296K, reserved 1069056K
  class space    used 2532K, capacity 2687K, committed 2688K, reserved 1048576K
}
Event: 3.056 GC heap before
{Heap before GC invocations=3 (full 0):
 garbage-first heap   total 262144K, used 57976K [0x0000000080000000, 0x0000000100000000)
  region size 1024K, 51 young (52224K), 11 survivors (11264K)
 Metaspace       used 24895K, capacity 25429K, committed 25596K, reserved 1071104K
  class space    used 3189K, capacity 3384K, committed 3404K, reserved 1048576K
}
Event: 3.061 GC heap after
{Heap after GC invocations=4 (full 0):
 garbage-first heap   total 262144K, used 18564K [0x0000000080000000, 0x0000000100000000)
  region size 1024K, 2 young (2048K), 2 survivors (2048K)
 Metaspace       used 24895K, capacity 25429K, committed 25596K, reserved 1071104K
  class space    used 3189K, capacity 3384K, committed 3404K, reserved 1048576K
}
Event: 3.848 GC heap before
{Heap before GC invocations=4 (full 0):
 garbage-first heap   total 262144K, used 97412K [0x0000000080000000, 0x0000000100000000)
  region size 1024K, 80 young (81920K), 2 survivors (2048K)
 Metaspace       used 35064K, capacity 35855K, committed 36048K, reserved 1081344K
  class space    used 4511K, capacity 4823K, committed 4940K, reserved 1048576K
}
Event: 3.854 GC heap after
{Heap after GC invocations=5 (full 0):
 garbage-first heap   total 262144K, used 21963K [0x0000000080000000, 0x0000000100000000)
  region size 1024K, 6 young (6144K), 6 survivors (6144K)
 Metaspace       used 35064K, capacity 35855K, committed 36048K, reserved 1081344K
  class space    used 4511K, capacity 4823K, committed 4940K, reserved 1048576K
}
Event: 4.758 GC heap before
{Heap before GC invocations=6 (full 0):
 garbage-first heap   total 262144K, used 137675K [0x0000000080000000, 0x0000000100000000)
  region size 1024K, 116 young (118784K), 6 survivors (6144K)
 Metaspace       used 45064K, capacity 46150K, committed 46288K, reserved 1089536K
  class space    used 5725K, capacity 6109K, committed 6220K, reserved 1048576K
}
Event: 4.765 GC heap after
{Heap after GC invocations=7 (full 0):
 garbage-first heap   total 262144K, used 29891K [0x0000000080000000, 0x0000000100000000)
  region size 1024K, 13 young (13312K), 13 survivors (13312K)
 Metaspace       used 45064K, capacity 46150K, committed 46288K, reserved 1089536K
  class space    used 5725K, capacity 6109K, committed 6220K, reserved 1048576K
}
Event: 6.048 GC heap before
{Heap before GC invocations=7 (full 0):
 garbage-first heap   total 262144K, used 181443K [0x0000000080000000, 0x0000000100000000)
  region size 1024K, 153 young (156672K), 13 survivors (13312K)
 Metaspace       used 52656K, capacity 54145K, committed 54352K, reserved 1095680K
  class space    used 6696K, capacity 7289K, committed 7372K, reserved 1048576K
}
Event: 6.057 GC heap after
{Heap after GC invocations=8 (full 0):
 garbage-first heap   total 262144K, used 48161K [0x0000000080000000, 0x0000000100000000)
  region size 1024K, 18 young (18432K), 18 survivors (18432K)
 Metaspace       used 52656K, capacity 54145K, committed 54352K, reserved 1095680K
  class space    used 6696K, capacity 7289K, committed 7372K, reserved 1048576K
}
Event: 6.499 GC heap before
{Heap before GC invocations=8 (full 0):
 garbage-first heap   total 262144K, used 91169K [0x0000000080000000, 0x0000000100000000)
  region size 1024K, 61 young (62464K), 18 survivors (18432K)
 Metaspace       used 58939K, capacity 60456K, committed 60508K, reserved 1101824K
  class space    used 7390K, capacity 7978K, committed 8012K, reserved 1048576K
}
Event: 6.512 GC heap after
{Heap after GC invocations=9 (full 0):
 garbage-first heap   total 262144K, used 51249K [0x0000000080000000, 0x0000000100000000)
  region size 1024K, 4 young (4096K), 4 survivors (4096K)
 Metaspace       used 58939K, capacity 60456K, committed 60508K, reserved 1101824K
  class space    used 7390K, capacity 7978K, committed 8012K, reserved 1048576K
}

