# JRE version: OpenJDK Runtime Environment (11.0.13) (build 11.0.13+0-b1751.21-8125866)
# Java VM: OpenJDK 64-Bit Server VM (11.0.13+0-b1751.21-8125866, mixed mode, tiered, compressed oops, g1 gc, windows-amd64)
Heap:
 garbage-first heap   total 262144K, used 151846K [0x0000000080000000, 0x0000000100000000)
  region size 1024K, 106 young (108544K), 13 survivors (13312K)
 Metaspace       used 67541K, capacity 69214K, committed 69340K, reserved 1110016K
  class space    used 8515K, capacity 9153K, committed 9164K, reserved 1048576K
GC Heap History (14 events):
Event: 0.494 GC heap before
{Heap before GC invocations=0 (full 0):
 garbage-first heap   total 262144K, used 29696K [0x0000000080000000, 0x0000000100000000)
  region size 1024K, 24 young (24576K), 0 survivors (0K)
 Metaspace       used 10072K, capacity 10329K, committed 10624K, reserved 1058816K
  class space    used 1028K, capacity 1108K, committed 1152K, reserved 1048576K
}
Event: 0.497 GC heap after
{Heap after GC invocations=1 (full 0):
 garbage-first heap   total 262144K, used 9500K [0x0000000080000000, 0x0000000100000000)
  region size 1024K, 3 young (3072K), 3 survivors (3072K)
 Metaspace       used 10072K, capacity 10329K, committed 10624K, reserved 1058816K
  class space    used 1028K, capacity 1108K, committed 1152K, reserved 1048576K
}
Event: 1.875 GC heap before
{Heap before GC invocations=1 (full 0):
 garbage-first heap   total 262144K, used 119068K [0x0000000080000000, 0x0000000100000000)
  region size 1024K, 111 young (113664K), 3 survivors (3072K)
 Metaspace       used 20794K, capacity 21193K, committed 21296K, reserved 1069056K
  class space    used 2530K, capacity 2687K, committed 2688K, reserved 1048576K
}
Event: 1.880 GC heap after
{Heap after GC invocations=2 (full 0):
 garbage-first heap   total 262144K, used 17197K [0x0000000080000000, 0x0000000100000000)
  region size 1024K, 11 young (11264K), 11 survivors (11264K)
 Metaspace       used 20794K, capacity 21193K, committed 21296K, reserved 1069056K
  class space    used 2530K, capacity 2687K, committed 2688K, reserved 1048576K
}
Event: 2.181 GC heap before
{Heap before GC invocations=3 (full 0):
 garbage-first heap   total 262144K, used 63277K [0x0000000080000000, 0x0000000100000000)
  region size 1024K, 56 young (57344K), 11 survivors (11264K)
 Metaspace       used 25463K, capacity 25945K, committed 26236K, reserved 1073152K
  class space    used 3276K, capacity 3450K, committed 3532K, reserved 1048576K
}
Event: 2.190 GC heap after
{Heap after GC invocations=4 (full 0):
 garbage-first heap   total 262144K, used 18556K [0x0000000080000000, 0x0000000100000000)
  region size 1024K, 2 young (2048K), 2 survivors (2048K)
 Metaspace       used 25463K, capacity 25945K, committed 26236K, reserved 1073152K
  class space    used 3276K, capacity 3450K, committed 3532K, reserved 1048576K
}
Event: 2.752 GC heap before
{Heap before GC invocations=4 (full 0):
 garbage-first heap   total 262144K, used 90236K [0x0000000080000000, 0x0000000100000000)
  region size 1024K, 73 young (74752K), 2 survivors (2048K)
 Metaspace       used 35080K, capacity 35887K, committed 36048K, reserved 1081344K
  class space    used 4528K, capacity 4855K, committed 4940K, reserved 1048576K
}
Event: 2.759 GC heap after
{Heap after GC invocations=5 (full 0):
 garbage-first heap   total 262144K, used 21918K [0x0000000080000000, 0x0000000100000000)
  region size 1024K, 6 young (6144K), 6 survivors (6144K)
 Metaspace       used 35080K, capacity 35887K, committed 36048K, reserved 1081344K
  class space    used 4528K, capacity 4855K, committed 4940K, reserved 1048576K
}
Event: 3.550 GC heap before
{Heap before GC invocations=6 (full 0):
 garbage-first heap   total 262144K, used 135582K [0x0000000080000000, 0x0000000100000000)
  region size 1024K, 114 young (116736K), 6 survivors (6144K)
 Metaspace       used 44952K, capacity 46071K, committed 46288K, reserved 1089536K
  class space    used 5705K, capacity 6105K, committed 6220K, reserved 1048576K
}
Event: 3.557 GC heap after
{Heap after GC invocations=7 (full 0):
 garbage-first heap   total 262144K, used 29702K [0x0000000080000000, 0x0000000100000000)
  region size 1024K, 13 young (13312K), 13 survivors (13312K)
 Metaspace       used 44952K, capacity 46071K, committed 46288K, reserved 1089536K
  class space    used 5705K, capacity 6105K, committed 6220K, reserved 1048576K
}
Event: 4.217 GC heap before
{Heap before GC invocations=7 (full 0):
 garbage-first heap   total 262144K, used 162822K [0x0000000080000000, 0x0000000100000000)
  region size 1024K, 135 young (138240K), 13 survivors (13312K)
 Metaspace       used 50486K, capacity 51960K, committed 52304K, reserved 1095680K
  class space    used 6412K, capacity 6986K, committed 7116K, reserved 1048576K
}
Event: 4.225 GC heap after
{Heap after GC invocations=8 (full 0):
 garbage-first heap   total 262144K, used 47201K [0x0000000080000000, 0x0000000100000000)
  region size 1024K, 17 young (17408K), 17 survivors (17408K)
 Metaspace       used 50486K, capacity 51960K, committed 52304K, reserved 1095680K
  class space    used 6412K, capacity 6986K, committed 7116K, reserved 1048576K
}
Event: 4.805 GC heap before
{Heap before GC invocations=8 (full 0):
 garbage-first heap   total 262144K, used 106593K [0x0000000080000000, 0x0000000100000000)
  region size 1024K, 76 young (77824K), 17 survivors (17408K)
 Metaspace       used 58901K, capacity 60390K, committed 60508K, reserved 1101824K
  class space    used 7403K, capacity 7957K, committed 8012K, reserved 1048576K
}
Event: 4.816 GC heap after
{Heap after GC invocations=9 (full 0):
 garbage-first heap   total 262144K, used 50470K [0x0000000080000000, 0x0000000100000000)
  region size 1024K, 13 young (13312K), 13 survivors (13312K)
 Metaspace       used 58901K, capacity 60390K, committed 60508K, reserved 1101824K
  class space    used 7403K, capacity 7957K, committed 8012K, reserved 1048576K
}

